Arguments: 
  /usr/local/Cellar/node/8.4.0/bin/node /usr/local/Cellar/yarn/0.27.5_1/libexec/bin/yarn.js add gulp-clean-css

PATH: 
  /usr/bin:/bin:/usr/sbin:/sbin:/Users/kingzcheung/bin:/usr/local/bin:/usr/bin:/bin:/usr/sbin:/sbin:~/bin:/usr/local/go/bin

Yarn version: 
  0.27.5

Node version: 
  8.4.0

Platform: 
  darwin x64

npm manifest: 
  {
    "name": "frontend",
    "version": "1.0.0",
    "main": "index.js",
    "license": "MIT",
    "dependencies": {
      "gulp": "^3.9.1",
      "gulp-autoprefixer": "^4.0.0",
      "gulp-cache": "^0.4.6",
      "gulp-clean-css": "^3.6.0",
      "gulp-concat": "^2.6.1",
      "gulp-imagemin": "^3.3.0",
      "gulp-jshint": "^2.0.4",
      "gulp-livereload": "^3.8.1",
      "gulp-notify": "^3.0.0",
      "gulp-rename": "^1.2.2",
      "gulp-sass": "^3.1.0",
      "gulp-uglify": "^3.0.0",
      "jshint": "^2.9.5",
      "process-nextick-args": "^1.0.7",
      "safe-buffer": "^5.1.1"
    }
  }

yarn manifest: 
  No manifest

Lockfile: 
  No lockfile

Trace: 
  Error: https://registry.yarnpkg.com/cliui/-/cliui-3.2.0.tgz: ETIMEDOUT
      at Timeout._onTimeout (/usr/local/Cellar/yarn/0.27.5_1/libexec/lib/yarn-cli.js:114906:19)
      at ontimeout (timers.js:469:11)
      at tryOnTimeout (timers.js:304:5)
      at Timer.listOnTimeout (timers.js:264:5)
